2026-02-04T21:03:47.511Z | GET /products?page=1&search= | http://localhost:5173
2026-02-04T21:03:47.739Z | GET /products?page=1&search= | http://localhost:5173
2026-02-04T21:04:21.203Z | GET /products?page=1&search=sd | http://localhost:5173
2026-02-04T21:04:22.198Z | GET /products?page=1&search= | http://localhost:5173
2026-02-04T21:04:29.716Z | GET /products?page=1&search= | http://localhost:5173
2026-02-04T21:04:29.796Z | GET /products?page=1&search= | http://localhost:5173
2026-02-04T21:12:07.518Z | GET /products?page=1&search= | http://localhost:5173
2026-02-04T21:12:07.647Z | GET /products?page=1&search= | http://localhost:5173
2026-02-04T21:12:25.709Z | GET /products?page=1&search= | http://localhost:5173
2026-02-04T21:12:25.794Z | GET /products?page=1&search= | http://localhost:5173
2026-02-05T06:27:20.317Z | GET /products?page=1&search= | http://localhost:5173
2026-02-05T06:27:20.601Z | GET /products?page=1&search= | http://localhost:5173
2026-02-05T06:27:41.925Z | OPTIONS /register | http://localhost:5173
2026-02-05T06:27:41.929Z | POST /register | http://localhost:5173
2026-02-05T06:29:03.073Z | OPTIONS /register | http://localhost:5173
2026-02-05T06:29:03.078Z | POST /register | http://localhost:5173
2026-02-05T06:36:03.610Z | OPTIONS /auth/register | http://localhost:5173
2026-02-05T06:36:03.645Z | POST /auth/register | http://localhost:5173
2026-02-05T06:36:19.627Z | OPTIONS /auth | http://localhost:5173
2026-02-05T06:36:19.630Z | POST /auth | http://localhost:5173
2026-02-05T07:21:36.388Z | GET /products?page=1&search= | http://localhost:5173
2026-02-05T07:21:36.614Z | GET /products?page=1&search= | http://localhost:5173
2026-02-05T07:21:56.506Z | OPTIONS /auth | http://localhost:5173
2026-02-05T07:21:56.509Z | POST /auth | http://localhost:5173
2026-02-05T07:24:59.163Z | OPTIONS /auth/login | http://localhost:5173
2026-02-05T07:24:59.175Z | POST /auth/login | http://localhost:5173
2026-02-05T07:24:59.728Z | GET /cart | http://localhost:5173
2026-02-05T07:24:59.748Z | GET /products?page=1&search= | http://localhost:5173
2026-02-05T07:24:59.766Z | GET /cart | http://localhost:5173
2026-02-05T07:24:59.842Z | GET /products?page=1&search= | http://localhost:5173
2026-02-05T07:25:04.283Z | GET /cart | http://localhost:5173
2026-02-05T07:25:04.288Z | GET /cart | http://localhost:5173
2026-02-05T07:27:41.778Z | OPTIONS /auth/login | http://localhost:5173
2026-02-05T07:27:41.787Z | POST /auth/login | http://localhost:5173
2026-02-05T07:27:42.612Z | GET /cart | http://localhost:5173
2026-02-05T07:27:42.622Z | GET /products?page=1&search= | http://localhost:5173
2026-02-05T07:27:42.627Z | GET /cart | http://localhost:5173
2026-02-05T07:27:42.699Z | GET /products?page=1&search= | http://localhost:5173
2026-02-05T07:27:52.583Z | GET /cart | http://localhost:5173
2026-02-05T07:27:52.590Z | GET /cart | http://localhost:5173
2026-02-05T07:27:55.193Z | GET /products?page=1&search= | http://localhost:5173
2026-02-05T07:27:55.273Z | GET /products?page=1&search= | http://localhost:5173
2026-02-05T07:27:57.845Z | GET /products?page=1&search= | http://localhost:5173
2026-02-05T07:27:57.926Z | GET /products?page=1&search= | http://localhost:5173
2026-02-05T07:28:01.307Z | OPTIONS /auth/login | http://localhost:5173
2026-02-05T07:28:01.310Z | POST /auth/login | http://localhost:5173
2026-02-05T07:28:01.518Z | GET /cart | http://localhost:5173
2026-02-05T07:28:01.524Z | GET /products?page=1&search= | http://localhost:5173
2026-02-05T07:28:01.533Z | GET /cart | http://localhost:5173
2026-02-05T07:28:01.604Z | GET /products?page=1&search= | http://localhost:5173
2026-02-05T07:29:34.242Z | GET /products?page=1&search= | http://localhost:5173
2026-02-05T07:29:34.391Z | GET /products?page=1&search= | http://localhost:5173
2026-02-05T07:29:45.335Z | OPTIONS /auth/login | http://localhost:5173
2026-02-05T07:29:45.339Z | POST /auth/login | http://localhost:5173
2026-02-05T07:29:45.614Z | GET /cart | http://localhost:5173
2026-02-05T07:29:45.622Z | GET /products?page=1&search= | http://localhost:5173
2026-02-05T07:29:45.632Z | GET /cart | http://localhost:5173
2026-02-05T07:29:45.702Z | GET /products?page=1&search= | http://localhost:5173
2026-02-05T07:34:19.440Z | GET /products?page=1&search= | http://localhost:5173
2026-02-05T07:34:19.732Z | GET /products?page=1&search= | http://localhost:5173
2026-02-05T07:34:26.183Z | OPTIONS /auth/login | http://localhost:5173
2026-02-05T07:34:26.188Z | POST /auth/login | http://localhost:5173
2026-02-05T07:34:26.453Z | GET /cart | http://localhost:5173
2026-02-05T07:34:26.460Z | GET /products?page=1&search= | http://localhost:5173
2026-02-05T07:34:26.468Z | GET /cart | http://localhost:5173
2026-02-05T07:34:26.544Z | GET /products?page=1&search= | http://localhost:5173
2026-02-05T07:41:15.610Z | GET /cart | http://localhost:5173
2026-02-05T07:45:57.304Z | GET /cart | http://localhost:5173
2026-02-05T07:45:57.342Z | GET /cart | http://localhost:5173
2026-02-05T07:45:57.358Z | GET /products?page=1&search= | http://localhost:5173
2026-02-05T07:45:57.374Z | GET /cart | http://localhost:5173
2026-02-05T07:45:57.391Z | GET /cart | http://localhost:5173
2026-02-05T07:45:57.454Z | GET /products?page=1&search= | http://localhost:5173
2026-02-05T08:53:29.929Z | GET /products?page=1&search= | http://localhost:5173
2026-02-05T08:53:30.112Z | GET /products?page=1&search= | http://localhost:5173
2026-02-05T08:53:33.517Z | OPTIONS /auth/login | http://localhost:5173
2026-02-05T08:53:33.522Z | POST /auth/login | http://localhost:5173
2026-02-05T08:53:33.786Z | GET /products?page=1&search= | http://localhost:5173
2026-02-05T08:53:33.790Z | OPTIONS /cart | http://localhost:5173
2026-02-05T08:53:33.801Z | GET /cart | http://localhost:5173
2026-02-05T08:53:33.857Z | GET /products?page=1&search= | http://localhost:5173
2026-02-05T09:04:13.533Z | POST /auth/logout | http://localhost:5173
2026-02-05T09:04:27.074Z | OPTIONS /auth/login | http://localhost:5173
2026-02-05T09:04:27.078Z | POST /auth/login | http://localhost:5173
2026-02-05T09:04:27.357Z | GET /products?page=1&search= | http://localhost:5173
2026-02-05T09:04:27.366Z | OPTIONS /cart | http://localhost:5173
2026-02-05T09:04:27.373Z | GET /cart | http://localhost:5173
2026-02-05T09:04:27.454Z | GET /products?page=1&search= | http://localhost:5173
2026-02-05T09:05:24.841Z | POST /auth/logout | http://localhost:5173
2026-02-05T09:05:27.916Z | OPTIONS /auth/login | http://localhost:5173
2026-02-05T09:05:27.919Z | POST /auth/login | http://localhost:5173
2026-02-05T09:05:28.141Z | GET /products?page=1&search= | http://localhost:5173
2026-02-05T09:05:28.147Z | OPTIONS /cart | http://localhost:5173
2026-02-05T09:05:28.152Z | GET /cart | http://localhost:5173
2026-02-05T09:05:28.222Z | GET /products?page=1&search= | http://localhost:5173
2026-02-05T09:05:36.824Z | GET /products?page=1&search= | http://localhost:5173
2026-02-05T09:05:37.043Z | GET /products?page=1&search= | http://localhost:5173
2026-02-05T09:05:40.891Z | OPTIONS /auth/login | http://localhost:5173
2026-02-05T09:05:40.895Z | POST /auth/login | http://localhost:5173
2026-02-05T09:05:41.158Z | GET /products?page=1&search= | http://localhost:5173
2026-02-05T09:05:41.161Z | OPTIONS /cart | http://localhost:5173
2026-02-05T09:05:41.166Z | GET /cart | http://localhost:5173
2026-02-05T09:05:41.240Z | GET /products?page=1&search= | http://localhost:5173
2026-02-05T09:07:58.899Z | OPTIONS /auth/login | http://localhost:5173
2026-02-05T09:07:58.910Z | POST /auth/login | http://localhost:5173
2026-02-05T09:07:59.209Z | GET /products?page=1&search= | http://localhost:5173
2026-02-05T09:07:59.214Z | OPTIONS /cart | http://localhost:5173
2026-02-05T09:07:59.224Z | GET /cart | http://localhost:5173
2026-02-05T09:07:59.283Z | GET /products?page=1&search= | http://localhost:5173
2026-02-05T09:08:35.186Z | OPTIONS /cart | http://localhost:5173
2026-02-05T09:08:35.197Z | GET /cart | http://localhost:5173
2026-02-05T09:09:52.340Z | POST /auth/logout | http://localhost:5173
2026-02-05T09:09:55.267Z | OPTIONS /auth/login | http://localhost:5173
2026-02-05T09:09:55.271Z | POST /auth/login | http://localhost:5173
2026-02-05T09:09:55.489Z | GET /products?page=1&search= | http://localhost:5173
2026-02-05T09:09:55.495Z | OPTIONS /cart | http://localhost:5173
2026-02-05T09:09:55.504Z | GET /cart | http://localhost:5173
2026-02-05T09:09:55.566Z | GET /products?page=1&search= | http://localhost:5173
2026-02-05T09:11:00.308Z | POST /auth/logout | http://localhost:5173
2026-02-05T09:11:03.181Z | OPTIONS /auth/login | http://localhost:5173
2026-02-05T09:11:03.185Z | POST /auth/login | http://localhost:5173
2026-02-05T09:11:03.371Z | GET /products?page=1&search= | http://localhost:5173
2026-02-05T09:11:03.378Z | OPTIONS /cart | http://localhost:5173
2026-02-05T09:11:03.385Z | GET /cart | http://localhost:5173
2026-02-05T09:11:03.450Z | GET /products?page=1&search= | http://localhost:5173
2026-02-05T09:15:20.713Z | GET /products?page=1&search= | http://localhost:5173
2026-02-05T09:15:20.812Z | GET /products?page=1&search= | http://localhost:5173
2026-02-05T09:15:24.204Z | GET /products?page=1&search= | http://localhost:5173
2026-02-05T09:15:24.290Z | GET /products?page=1&search= | http://localhost:5173
2026-02-05T09:15:38.984Z | OPTIONS /auth/login | http://localhost:5173
2026-02-05T09:15:38.988Z | POST /auth/login | http://localhost:5173
2026-02-05T09:15:39.271Z | GET /products?page=1&search= | http://localhost:5173
2026-02-05T09:15:39.278Z | OPTIONS /cart | http://localhost:5173
2026-02-05T09:15:39.289Z | GET /cart | http://localhost:5173
2026-02-05T09:15:39.355Z | GET /products?page=1&search= | http://localhost:5173
2026-02-05T09:27:13.428Z | GET /products?page=1&search= | http://localhost:5173
2026-02-05T09:27:14.266Z | GET /products?page=1&search= | http://localhost:5173
2026-02-05T09:27:18.332Z | OPTIONS /auth/login | http://localhost:5173
2026-02-05T09:27:18.336Z | POST /auth/login | http://localhost:5173
2026-02-05T09:27:18.620Z | GET /products?page=1&search= | http://localhost:5173
2026-02-05T09:27:18.626Z | OPTIONS /cart | http://localhost:5173
2026-02-05T09:27:18.635Z | GET /cart | http://localhost:5173
2026-02-05T09:27:18.693Z | GET /products?page=1&search= | http://localhost:5173
2026-02-05T09:27:44.101Z | OPTIONS /admin/stats | http://localhost:5173
2026-02-05T09:27:44.106Z | OPTIONS /admin/stats | http://localhost:5173
2026-02-05T09:27:44.112Z | GET /admin/stats | http://localhost:5173
2026-02-05T09:27:44.237Z | GET /admin/stats | http://localhost:5173
2026-02-05T09:27:58.038Z | OPTIONS /admin/stats | http://localhost:5173
2026-02-05T09:27:58.040Z | OPTIONS /admin/stats | http://localhost:5173
2026-02-05T09:27:58.044Z | GET /admin/stats | http://localhost:5173
2026-02-05T09:27:58.154Z | GET /admin/stats | http://localhost:5173
2026-02-05T09:32:57.825Z | GET /products?page=1&search= | http://localhost:5173
2026-02-05T09:32:57.983Z | GET /products?page=1&search= | http://localhost:5173
2026-02-05T09:34:05.033Z | OPTIONS /auth/login | http://localhost:5173
2026-02-05T09:34:05.039Z | POST /auth/login | http://localhost:5173
2026-02-05T09:34:05.355Z | GET /products?page=1&search= | http://localhost:5173
2026-02-05T09:34:05.364Z | OPTIONS /cart | http://localhost:5173
2026-02-05T09:34:05.373Z | GET /cart | http://localhost:5173
2026-02-05T09:34:05.434Z | GET /products?page=1&search= | http://localhost:5173
2026-02-05T09:34:10.069Z | GET /products | http://localhost:5173
2026-02-05T09:34:10.153Z | GET /products | http://localhost:5173
2026-02-05T09:35:59.719Z | OPTIONS /admin/products | http://localhost:5173
2026-02-05T09:35:59.728Z | POST /admin/products | http://localhost:5173
2026-02-05T09:45:12.643Z | GET /products?page=1&search= | http://localhost:5173
2026-02-05T09:45:12.843Z | GET /products?page=1&search= | http://localhost:5173
2026-02-05T09:45:19.685Z | OPTIONS /auth/login | http://localhost:5173
2026-02-05T09:45:19.689Z | POST /auth/login | http://localhost:5173
2026-02-05T09:45:20.053Z | GET /products?page=1&search= | http://localhost:5173
2026-02-05T09:45:20.059Z | OPTIONS /cart | http://localhost:5173
2026-02-05T09:45:20.067Z | GET /cart | http://localhost:5173
2026-02-05T09:45:20.127Z | GET /products?page=1&search= | http://localhost:5173
2026-02-05T09:45:22.476Z | GET /products | http://localhost:5173
2026-02-05T09:45:22.553Z | GET /products | http://localhost:5173
2026-02-05T09:45:57.945Z | OPTIONS /products/admin | http://localhost:5173
2026-02-05T09:45:57.952Z | POST /products/admin | http://localhost:5173
2026-02-05T09:46:00.564Z | GET /products | http://localhost:5173
2026-02-05T09:46:00.671Z | GET /products | http://localhost:5173
2026-02-05T09:46:06.747Z | GET /products?page=1&search= | http://localhost:5173
2026-02-05T09:46:06.821Z | GET /products?page=1&search= | http://localhost:5173
2026-02-05T09:46:29.734Z | POST /auth/logout | http://localhost:5173
2026-02-05T09:46:32.338Z | GET /products?page=1&search= | http://localhost:5173
2026-02-05T09:46:32.424Z | GET /products?page=1&search= | http://localhost:5173
2026-02-05T09:46:42.586Z | OPTIONS /auth/register | http://localhost:5173
2026-02-05T09:46:42.590Z | POST /auth/register | http://localhost:5173
2026-02-05T09:46:51.022Z | OPTIONS /auth/login | http://localhost:5173
2026-02-05T09:46:51.026Z | POST /auth/login | http://localhost:5173
2026-02-05T09:46:51.261Z | OPTIONS /cart | http://localhost:5173
2026-02-05T09:46:51.266Z | GET /products?page=1&search= | http://localhost:5173
2026-02-05T09:46:51.281Z | GET /cart | http://localhost:5173
2026-02-05T09:46:51.343Z | GET /products?page=1&search= | http://localhost:5173
2026-02-05T09:49:17.631Z | GET /products?page=1&search= | http://localhost:5173
2026-02-05T09:49:17.696Z | OPTIONS /cart | http://localhost:5173
2026-02-05T09:49:17.706Z | GET /cart | http://localhost:5173
2026-02-05T09:49:43.552Z | GET /products?page=1&search= | http://localhost:5173
2026-02-05T09:49:43.558Z | OPTIONS /cart | http://localhost:5173
2026-02-05T09:49:43.565Z | GET /cart | http://localhost:5173
2026-02-05T09:52:14.443Z | GET /products?page=1&search= | http://localhost:5173
2026-02-05T09:52:14.575Z | GET /products?page=1&search= | http://localhost:5173
2026-02-05T09:52:27.556Z | OPTIONS /auth/login | http://localhost:5173
2026-02-05T09:52:27.560Z | POST /auth/login | http://localhost:5173
2026-02-05T09:52:27.910Z | GET /products?page=1&search= | http://localhost:5173
2026-02-05T09:52:27.919Z | OPTIONS /cart | http://localhost:5173
2026-02-05T09:52:27.926Z | GET /cart | http://localhost:5173
2026-02-05T09:52:28.000Z | GET /products?page=1&search= | http://localhost:5173
2026-02-05T10:01:42.599Z | GET /products?page=1&search= | http://localhost:5173
2026-02-05T10:01:42.635Z | OPTIONS /cart | http://localhost:5173
2026-02-05T10:01:42.637Z | OPTIONS /cart | http://localhost:5173
2026-02-05T10:01:42.638Z | OPTIONS /cart | http://localhost:5173
2026-02-05T10:01:42.756Z | GET /cart | http://localhost:5173
2026-02-05T10:01:42.785Z | GET /cart | http://localhost:5173
2026-02-05T10:01:50.738Z | GET /products?page=1&search= | http://localhost:5173
2026-02-05T10:02:06.279Z | GET /products?page=1&search= | http://localhost:5173
2026-02-05T10:04:28.363Z | GET /products?page=1&search= | http://localhost:5173
2026-02-05T10:04:28.637Z | GET /products?page=1&search= | http://localhost:5173
2026-02-05T10:04:31.780Z | OPTIONS /auth/login | http://localhost:5173
2026-02-05T10:04:31.783Z | POST /auth/login | http://localhost:5173
2026-02-05T10:04:32.231Z | GET /products?page=1&search= | http://localhost:5173
2026-02-05T10:04:32.240Z | OPTIONS /cart | http://localhost:5173
2026-02-05T10:04:32.246Z | OPTIONS /cart | http://localhost:5173
2026-02-05T10:04:32.255Z | GET /cart | http://localhost:5173
2026-02-05T10:04:32.368Z | GET /cart | http://localhost:5173
2026-02-05T10:04:32.427Z | GET /products?page=1&search= | http://localhost:5173
2026-02-05T10:04:35.020Z | OPTIONS /cart | http://localhost:5173
2026-02-05T10:04:35.025Z | POST /cart | http://localhost:5173
2026-02-05T10:04:37.702Z | POST /cart | http://localhost:5173
2026-02-05T10:04:38.570Z | POST /cart | http://localhost:5173
2026-02-05T10:04:38.740Z | POST /cart | http://localhost:5173
2026-02-05T10:04:38.962Z | POST /cart | http://localhost:5173
2026-02-05T10:04:41.004Z | OPTIONS /cart | http://localhost:5173
2026-02-05T10:04:41.009Z | POST /cart | http://localhost:5173
2026-02-05T10:04:41.598Z | POST /cart | http://localhost:5173
2026-02-05T10:04:43.265Z | POST /cart | http://localhost:5173
2026-02-05T10:04:43.302Z | POST /cart | http://localhost:5173
2026-02-05T10:04:43.485Z | POST /cart | http://localhost:5173
2026-02-05T10:04:43.537Z | POST /auth/logout | http://localhost:5173
2026-02-05T10:04:48.104Z | OPTIONS /auth/login | http://localhost:5173
2026-02-05T10:04:48.107Z | POST /auth/login | http://localhost:5173
2026-02-05T10:04:48.352Z | GET /products?page=1&search= | http://localhost:5173
2026-02-05T10:04:48.356Z | OPTIONS /cart | http://localhost:5173
2026-02-05T10:04:48.361Z | OPTIONS /cart | http://localhost:5173
2026-02-05T10:04:48.363Z | GET /cart | http://localhost:5173
2026-02-05T10:04:48.434Z | GET /products?page=1&search= | http://localhost:5173
2026-02-05T10:04:48.452Z | GET /cart | http://localhost:5173
2026-02-05T10:04:49.732Z | OPTIONS /cart | http://localhost:5173
2026-02-05T10:04:49.737Z | POST /cart | http://localhost:5173
2026-02-05T10:04:51.552Z | GET /cart | http://localhost:5173
2026-02-05T10:04:51.631Z | GET /cart | http://localhost:5173
2026-02-05T10:04:58.008Z | OPTIONS /auth/login | http://localhost:5173
2026-02-05T10:04:58.012Z | POST /auth/login | http://localhost:5173
2026-02-05T10:04:58.221Z | GET /products?page=1&search= | http://localhost:5173
2026-02-05T10:04:58.228Z | OPTIONS /cart | http://localhost:5173
2026-02-05T10:04:58.231Z | OPTIONS /cart | http://localhost:5173
2026-02-05T10:04:58.242Z | GET /cart | http://localhost:5173
2026-02-05T10:04:58.576Z | GET /products?page=1&search= | http://localhost:5173
2026-02-05T10:04:58.604Z | GET /cart | http://localhost:5173
2026-02-05T10:05:01.461Z | GET /cart | http://localhost:5173
2026-02-05T10:05:01.536Z | GET /cart | http://localhost:5173
2026-02-05T10:05:05.101Z | OPTIONS /cart | http://localhost:5173
2026-02-05T10:05:05.104Z | PUT /cart | http://localhost:5173
2026-02-05T10:05:10.620Z | OPTIONS /cart/698466d82461acc71d08f89f | http://localhost:5173
2026-02-05T10:05:10.624Z | DELETE /cart/698466d82461acc71d08f89f | http://localhost:5173
2026-02-05T10:05:10.717Z | OPTIONS /cart | http://localhost:5173
2026-02-05T10:05:38.629Z | OPTIONS /auth/login | http://localhost:5173
2026-02-05T10:05:38.640Z | POST /auth/login | http://localhost:5173
2026-02-05T10:05:38.907Z | GET /products?page=1&search= | http://localhost:5173
2026-02-05T10:05:38.918Z | OPTIONS /cart | http://localhost:5173
2026-02-05T10:05:38.923Z | OPTIONS /cart | http://localhost:5173
2026-02-05T10:05:38.929Z | GET /cart | http://localhost:5173
2026-02-05T10:05:39.017Z | GET /cart | http://localhost:5173
2026-02-05T10:05:39.022Z | GET /products?page=1&search= | http://localhost:5173
2026-02-05T10:05:44.121Z | GET /products?page=1&search=Kaa | http://localhost:5173
2026-02-05T10:05:49.003Z | GET /products?page=1&search=Pika | http://localhost:5173
2026-02-05T10:05:59.353Z | OPTIONS /cart | http://localhost:5173
2026-02-05T10:05:59.359Z | POST /cart | http://localhost:5173
2026-02-05T10:06:01.667Z | GET /cart | http://localhost:5173
2026-02-05T10:06:01.772Z | GET /cart | http://localhost:5173
2026-02-05T10:06:07.902Z | OPTIONS /cart | http://localhost:5173
2026-02-05T10:06:07.908Z | DELETE /cart | http://localhost:5173
2026-02-05T10:06:11.781Z | GET /products?page=1&search= | http://localhost:5173
2026-02-05T10:06:11.869Z | GET /products?page=1&search= | http://localhost:5173
2026-02-05T10:06:13.343Z | OPTIONS /cart | http://localhost:5173
2026-02-05T10:06:13.348Z | POST /cart | http://localhost:5173
2026-02-05T10:06:14.527Z | POST /cart | http://localhost:5173
2026-02-05T10:06:17.002Z | GET /cart | http://localhost:5173
2026-02-05T10:06:17.096Z | GET /cart | http://localhost:5173
2026-02-05T10:06:18.622Z | GET /products?page=1&search= | http://localhost:5173
2026-02-05T10:06:18.719Z | GET /products?page=1&search= | http://localhost:5173
2026-02-05T10:06:19.750Z | OPTIONS /cart | http://localhost:5173
2026-02-05T10:06:19.755Z | OPTIONS /cart | http://localhost:5173
2026-02-05T10:06:19.757Z | GET /cart | http://localhost:5173
2026-02-05T10:06:20.906Z | GET /products?page=1&search= | http://localhost:5173
2026-02-05T10:06:28.451Z | GET /cart | http://localhost:5173
2026-02-05T10:06:29.560Z | GET /products?page=1&search= | http://localhost:5173
2026-02-05T10:06:34.008Z | OPTIONS /cart | http://localhost:5173
2026-02-05T10:06:34.011Z | OPTIONS /cart | http://localhost:5173
2026-02-05T10:06:34.013Z | GET /cart | http://localhost:5173
2026-02-05T10:06:34.113Z | GET /cart | http://localhost:5173
2026-02-05T10:06:40.469Z | OPTIONS /cart/698466d82461acc71d08f89f | http://localhost:5173
2026-02-05T10:06:40.471Z | DELETE /cart/698466d82461acc71d08f89f | http://localhost:5173
2026-02-05T10:06:40.557Z | OPTIONS /cart | http://localhost:5173
2026-02-05T10:06:40.561Z | GET /cart | http://localhost:5173
2026-02-05T10:06:48.043Z | POST /auth/logout | http://localhost:5173
2026-02-05T10:06:48.211Z | GET /products?page=1&search= | http://localhost:5173
2026-02-05T10:06:48.327Z | GET /products?page=1&search= | http://localhost:5173
2026-02-05T10:06:53.819Z | OPTIONS /auth/login | http://localhost:5173
2026-02-05T10:06:53.821Z | POST /auth/login | http://localhost:5173
2026-02-05T10:06:54.060Z | GET /products?page=1&search= | http://localhost:5173
2026-02-05T10:06:54.066Z | OPTIONS /cart | http://localhost:5173
2026-02-05T10:06:54.069Z | OPTIONS /cart | http://localhost:5173
2026-02-05T10:06:54.077Z | GET /cart | http://localhost:5173
2026-02-05T10:06:54.131Z | GET /cart | http://localhost:5173
2026-02-05T10:06:54.164Z | GET /products?page=1&search= | http://localhost:5173
2026-02-05T10:06:56.688Z | GET /products | http://localhost:5173
2026-02-05T10:06:56.763Z | GET /products | http://localhost:5173
2026-02-05T10:07:04.464Z | OPTIONS /products/admin/698466d82461acc71d08f89f | http://localhost:5173
2026-02-05T10:07:04.468Z | PUT /products/admin/698466d82461acc71d08f89f | http://localhost:5173
2026-02-05T10:07:04.557Z | GET /products | http://localhost:5173
2026-02-05T10:07:04.631Z | GET /products | http://localhost:5173
2026-02-05T10:07:06.762Z | GET /products?page=1&search= | http://localhost:5173
2026-02-05T10:07:06.837Z | GET /products?page=1&search= | http://localhost:5173
2026-02-05T10:07:08.465Z | OPTIONS /cart | http://localhost:5173
2026-02-05T10:07:08.469Z | POST /cart | http://localhost:5173
2026-02-05T10:07:11.094Z | POST /cart | http://localhost:5173
2026-02-05T10:07:11.319Z | POST /cart | http://localhost:5173
2026-02-05T10:07:12.766Z | GET /cart | http://localhost:5173
2026-02-05T10:07:12.871Z | GET /cart | http://localhost:5173
2026-02-05T10:07:17.287Z | POST /auth/logout | http://localhost:5173
2026-02-05T10:07:17.393Z | GET /products?page=1&search= | http://localhost:5173
2026-02-05T10:07:17.474Z | GET /products?page=1&search= | http://localhost:5173
2026-02-05T10:07:25.154Z | OPTIONS /auth/login | http://localhost:5173
2026-02-05T10:07:25.157Z | POST /auth/login | http://localhost:5173
2026-02-05T10:07:25.349Z | OPTIONS /cart | http://localhost:5173
2026-02-05T10:07:25.357Z | OPTIONS /cart | http://localhost:5173
2026-02-05T10:07:25.359Z | GET /products?page=1&search= | http://localhost:5173
2026-02-05T10:07:25.371Z | GET /cart | http://localhost:5173
2026-02-05T10:07:25.419Z | GET /cart | http://localhost:5173
2026-02-05T10:07:25.461Z | GET /products?page=1&search= | http://localhost:5173
2026-02-05T10:07:26.993Z | OPTIONS /cart | http://localhost:5173
2026-02-05T10:07:26.999Z | POST /cart | http://localhost:5173
2026-02-05T10:07:27.446Z | POST /cart | http://localhost:5173
2026-02-05T10:07:27.666Z | POST /cart | http://localhost:5173
2026-02-05T10:07:29.161Z | GET /cart | http://localhost:5173
2026-02-05T10:07:29.253Z | GET /cart | http://localhost:5173
2026-02-05T10:07:39.927Z | POST /auth/logout | http://localhost:5173
2026-02-05T10:07:40.041Z | GET /products?page=1&search= | http://localhost:5173
2026-02-05T10:07:40.127Z | GET /products?page=1&search= | http://localhost:5173
2026-02-05T10:08:26.307Z | OPTIONS /auth/login | http://localhost:5173
2026-02-05T10:08:26.311Z | POST /auth/login | http://localhost:5173
2026-02-05T10:08:26.568Z | GET /products?page=1&search= | http://localhost:5173
2026-02-05T10:08:26.573Z | OPTIONS /cart | http://localhost:5173
2026-02-05T10:08:26.578Z | OPTIONS /cart | http://localhost:5173
2026-02-05T10:08:26.584Z | GET /cart | http://localhost:5173
2026-02-05T10:08:26.641Z | GET /products?page=1&search= | http://localhost:5173
2026-02-05T10:08:26.674Z | GET /cart | http://localhost:5173
2026-02-05T10:08:28.016Z | OPTIONS /cart | http://localhost:5173
2026-02-05T10:08:28.021Z | POST /cart | http://localhost:5173
2026-02-05T10:08:33.197Z | OPTIONS /cart | http://localhost:5173
2026-02-05T10:08:33.201Z | OPTIONS /cart | http://localhost:5173
2026-02-05T10:08:33.206Z | GET /cart | http://localhost:5173
2026-02-05T10:08:43.397Z | GET /products?page=1&search= | http://localhost:5173
2026-02-05T10:08:45.629Z | GET /products?page=1&search= | http://localhost:5173
2026-02-05T10:08:47.403Z | OPTIONS /cart | http://localhost:5173
2026-02-05T10:08:47.406Z | OPTIONS /cart | http://localhost:5173
2026-02-05T10:08:51.092Z | GET /cart | http://localhost:5173
2026-02-05T10:08:51.184Z | GET /cart | http://localhost:5173
2026-02-05T10:08:51.274Z | GET /cart | http://localhost:5173
2026-02-05T10:09:56.035Z | GET /products?page=1&search= | http://localhost:5173
2026-02-05T10:09:56.131Z | GET /products?page=1&search= | http://localhost:5173
2026-02-05T10:13:02.546Z | GET /products?page=1&search= | http://localhost:5173
2026-02-05T10:13:02.555Z | OPTIONS /cart | http://localhost:5173
2026-02-05T10:13:02.556Z | OPTIONS /cart | http://localhost:5173
2026-02-05T10:13:02.563Z | GET /cart | http://localhost:5173
2026-02-05T10:13:02.594Z | GET /products?page=1&search= | http://localhost:5173
2026-02-05T10:13:02.867Z | GET /products?page=1&search= | http://localhost:5173
2026-02-05T10:13:03.190Z | GET /products?page=1&search= | http://localhost:5173
2026-02-05T10:13:25.974Z | GET /products?page=1&search= | http://localhost:5173
2026-02-05T10:13:26.062Z | GET /products?page=1&search= | http://localhost:5173
2026-02-05T10:13:29.560Z | OPTIONS /auth/login | http://localhost:5173
2026-02-05T10:13:29.563Z | POST /auth/login | http://localhost:5173
2026-02-05T10:13:29.788Z | GET /products?page=1&search= | http://localhost:5173
2026-02-05T10:13:29.794Z | OPTIONS /cart | http://localhost:5173
2026-02-05T10:13:29.799Z | GET /cart | http://localhost:5173
2026-02-05T10:13:29.869Z | GET /products?page=1&search= | http://localhost:5173
2026-02-05T10:13:35.273Z | GET /products?page=1&search= | http://localhost:5173
2026-02-05T10:13:35.347Z | GET /products?page=1&search= | http://localhost:5173
2026-02-05T10:13:41.993Z | OPTIONS /cart | http://localhost:5173
2026-02-05T10:13:42.000Z | GET /cart | http://localhost:5173
2026-02-05T10:13:53.088Z | OPTIONS /auth/login | http://localhost:5173
2026-02-05T10:13:53.092Z | POST /auth/login | http://localhost:5173
2026-02-05T10:13:59.473Z | OPTIONS /auth/login | http://localhost:5173
2026-02-05T10:13:59.477Z | POST /auth/login | http://localhost:5173
2026-02-05T10:14:15.655Z | OPTIONS /auth/login | http://localhost:5173
2026-02-05T10:14:15.661Z | POST /auth/login | http://localhost:5173
2026-02-05T10:14:15.900Z | GET /products?page=1&search= | http://localhost:5173
2026-02-05T10:14:15.913Z | OPTIONS /cart | http://localhost:5173
2026-02-05T10:14:15.921Z | GET /cart | http://localhost:5173
2026-02-05T10:14:15.993Z | GET /products?page=1&search= | http://localhost:5173
2026-02-05T10:14:20.291Z | GET /products?page=1&search= | http://localhost:5173
2026-02-05T10:14:20.368Z | GET /products?page=1&search= | http://localhost:5173
2026-02-05T10:14:22.316Z | OPTIONS /cart | http://localhost:5173
2026-02-05T10:14:22.319Z | POST /cart | http://localhost:5173
2026-02-05T10:14:29.517Z | GET /products?page=1&search= | http://localhost:5173
2026-02-05T10:14:29.591Z | GET /products?page=1&search= | http://localhost:5173
2026-02-05T10:14:32.775Z | OPTIONS /auth/login | http://localhost:5173
2026-02-05T10:14:32.779Z | POST /auth/login | http://localhost:5173
2026-02-05T10:14:32.991Z | GET /products?page=1&search= | http://localhost:5173
2026-02-05T10:14:32.995Z | OPTIONS /cart | http://localhost:5173
2026-02-05T10:14:33.002Z | GET /cart | http://localhost:5173
2026-02-05T10:14:33.067Z | GET /products?page=1&search= | http://localhost:5173
2026-02-05T10:14:39.639Z | OPTIONS /cart | http://localhost:5173
2026-02-05T10:14:39.644Z | GET /cart | http://localhost:5173
2026-02-05T10:14:40.706Z | GET /cart | http://localhost:5173
2026-02-05T10:14:45.103Z | OPTIONS /cart | http://localhost:5173
2026-02-05T10:14:45.109Z | GET /cart | http://localhost:5173
2026-02-05T10:14:49.199Z | GET /cart | http://localhost:5173
2026-02-05T10:14:51.191Z | POST /auth/logout | http://localhost:5173
2026-02-05T10:14:51.301Z | GET /products?page=1&search= | http://localhost:5173
2026-02-05T10:14:51.375Z | GET /products?page=1&search= | http://localhost:5173
2026-02-05T10:14:54.612Z | OPTIONS /auth/login | http://localhost:5173
2026-02-05T10:14:54.616Z | POST /auth/login | http://localhost:5173
2026-02-05T10:14:54.790Z | GET /products?page=1&search= | http://localhost:5173
2026-02-05T10:14:54.793Z | OPTIONS /cart | http://localhost:5173
2026-02-05T10:14:54.802Z | GET /cart | http://localhost:5173
2026-02-05T10:14:54.860Z | GET /products?page=1&search= | http://localhost:5173
2026-02-05T10:15:01.294Z | POST /auth/logout | http://localhost:5173
2026-02-05T10:15:01.395Z | GET /products?page=1&search= | http://localhost:5173
2026-02-05T10:15:01.466Z | GET /products?page=1&search= | http://localhost:5173
2026-02-05T10:15:19.280Z | OPTIONS /auth/register | http://localhost:5173
2026-02-05T10:15:19.282Z | POST /auth/register | http://localhost:5173
2026-02-05T10:15:23.481Z | OPTIONS /auth/login | http://localhost:5173
2026-02-05T10:15:23.485Z | POST /auth/login | http://localhost:5173
2026-02-05T10:15:23.742Z | GET /products?page=1&search= | http://localhost:5173
2026-02-05T10:15:23.746Z | OPTIONS /cart | http://localhost:5173
2026-02-05T10:15:23.754Z | GET /cart | http://localhost:5173
2026-02-05T10:15:23.817Z | GET /products?page=1&search= | http://localhost:5173
2026-02-05T10:15:25.387Z | OPTIONS /cart | http://localhost:5173
2026-02-05T10:15:25.391Z | POST /cart | http://localhost:5173
2026-02-05T10:15:45.116Z | OPTIONS /auth/login | http://localhost:5173
2026-02-05T10:15:45.119Z | POST /auth/login | http://localhost:5173
2026-02-05T10:15:45.377Z | GET /products?page=1&search= | http://localhost:5173
2026-02-05T10:15:45.388Z | OPTIONS /cart | http://localhost:5173
2026-02-05T10:15:45.394Z | GET /cart | http://localhost:5173
2026-02-05T10:15:45.445Z | GET /products?page=1&search= | http://localhost:5173
2026-02-05T10:17:50.548Z | OPTIONS /cart | http://localhost:5173
2026-02-05T10:17:50.559Z | GET /cart | http://localhost:5173
2026-02-05T10:18:24.563Z | OPTIONS /cart | http://localhost:5173
2026-02-05T10:18:24.566Z | OPTIONS /cart | http://localhost:5173
2026-02-05T10:18:24.570Z | GET /cart | http://localhost:5173
2026-02-05T10:18:24.654Z | GET /cart | http://localhost:5173
2026-02-05T10:24:16.713Z | OPTIONS /auth/login | http://localhost:5173
2026-02-05T10:24:16.730Z | POST /auth/login | http://localhost:5173
2026-02-05T10:24:17.108Z | GET /products?page=1&search= | http://localhost:5173
2026-02-05T10:24:17.139Z | OPTIONS /cart | http://localhost:5173
2026-02-05T10:24:17.169Z | GET /cart | http://localhost:5173
2026-02-05T10:24:17.272Z | GET /products?page=1&search= | http://localhost:5173
2026-02-05T10:24:19.174Z | GET /cart | http://localhost:5173
2026-02-05T10:24:19.438Z | GET /cart | http://localhost:5173
2026-02-05T10:24:26.520Z | OPTIONS /cart | http://localhost:5173
2026-02-05T10:24:26.524Z | DELETE /cart | http://localhost:5173
2026-02-05T10:24:31.160Z | OPTIONS /auth/login | http://localhost:5173
2026-02-05T10:24:31.164Z | POST /auth/login | http://localhost:5173
2026-02-05T10:24:31.360Z | GET /products?page=1&search= | http://localhost:5173
2026-02-05T10:24:31.369Z | GET /cart | http://localhost:5173
2026-02-05T10:24:31.454Z | GET /products?page=1&search= | http://localhost:5173
2026-02-05T10:24:33.270Z | OPTIONS /cart | http://localhost:5173
2026-02-05T10:24:33.276Z | OPTIONS /cart | http://localhost:5173
2026-02-05T10:24:33.280Z | GET /cart | http://localhost:5173
2026-02-05T10:24:33.325Z | GET /cart | http://localhost:5173
2026-02-05T10:24:35.603Z | GET /products?page=1&search= | http://localhost:5173
2026-02-05T10:24:35.689Z | GET /products?page=1&search= | http://localhost:5173
2026-02-05T10:24:38.844Z | OPTIONS /cart | http://localhost:5173
2026-02-05T10:24:38.847Z | OPTIONS /cart | http://localhost:5173
2026-02-05T10:24:38.849Z | GET /cart | http://localhost:5173
2026-02-05T10:24:38.899Z | GET /cart | http://localhost:5173
2026-02-05T10:24:42.458Z | GET /products?page=1&search= | http://localhost:5173
2026-02-05T10:24:42.569Z | GET /products?page=1&search= | http://localhost:5173
2026-02-05T10:24:46.006Z | OPTIONS /cart | http://localhost:5173
2026-02-05T10:24:46.009Z | OPTIONS /cart | http://localhost:5173
2026-02-05T10:24:46.011Z | GET /cart | http://localhost:5173
2026-02-05T10:24:46.067Z | GET /cart | http://localhost:5173
2026-02-05T10:26:13.570Z | OPTIONS /cart | http://localhost:5173
2026-02-05T10:26:13.577Z | OPTIONS /cart | http://localhost:5173
2026-02-05T10:26:13.580Z | GET /cart | http://localhost:5173
2026-02-05T10:26:13.671Z | GET /cart | http://localhost:5173
2026-02-05T10:26:17.539Z | GET /cart | http://localhost:5173
2026-02-05T10:26:17.608Z | GET /cart | http://localhost:5173
2026-02-05T10:26:59.451Z | OPTIONS /auth/login | http://localhost:5173
2026-02-05T10:26:59.482Z | POST /auth/login | http://localhost:5173
2026-02-05T10:27:00.393Z | GET /products?page=1&search= | http://localhost:5173
2026-02-05T10:27:00.403Z | OPTIONS /cart | http://localhost:5173
2026-02-05T10:27:00.410Z | GET /cart | http://localhost:5173
2026-02-05T10:27:00.498Z | GET /products?page=1&search= | http://localhost:5173
2026-02-05T10:27:02.521Z | OPTIONS /cart | http://localhost:5173
2026-02-05T10:27:02.524Z | POST /cart | http://localhost:5173
2026-02-05T10:27:04.458Z | GET /cart | http://localhost:5173
2026-02-05T10:27:04.572Z | GET /cart | http://localhost:5173
2026-02-05T10:27:12.116Z | OPTIONS /cart | http://localhost:5173
2026-02-05T10:27:12.120Z | DELETE /cart | http://localhost:5173
2026-02-05T10:27:13.624Z | GET /products?page=1&search= | http://localhost:5173
2026-02-05T10:27:13.752Z | GET /products?page=1&search= | http://localhost:5173
2026-02-05T10:27:15.198Z | OPTIONS /cart | http://localhost:5173
2026-02-05T10:27:15.202Z | POST /cart | http://localhost:5173
2026-02-05T10:27:16.411Z | GET /cart | http://localhost:5173
2026-02-05T10:27:16.523Z | GET /cart | http://localhost:5173
2026-02-05T10:29:47.565Z | OPTIONS /cart | http://localhost:5173
2026-02-05T10:29:47.575Z | GET /cart | http://localhost:5173
2026-02-05T10:30:35.555Z | OPTIONS /cart | http://localhost:5173
2026-02-05T10:30:35.560Z | OPTIONS /cart | http://localhost:5173
2026-02-05T10:30:35.561Z | OPTIONS /cart | http://localhost:5173
2026-02-05T10:30:35.565Z | OPTIONS /cart | http://localhost:5173
2026-02-05T10:30:35.657Z | GET /cart | http://localhost:5173
2026-02-05T10:33:04.741Z | OPTIONS /auth/login | http://localhost:5173
2026-02-05T10:33:04.758Z | POST /auth/login | http://localhost:5173
2026-02-05T10:33:05.211Z | GET /products?page=1&search= | http://localhost:5173
2026-02-05T10:33:05.216Z | OPTIONS /cart | http://localhost:5173
2026-02-05T10:33:05.223Z | GET /cart | http://localhost:5173
2026-02-05T10:33:05.612Z | GET /products?page=1&search= | http://localhost:5173
2026-02-05T10:33:08.410Z | GET /cart | http://localhost:5173
2026-02-05T10:33:08.677Z | GET /cart | http://localhost:5173
2026-02-05T10:33:10.067Z | OPTIONS /cart/698466d82461acc71d08f89f | http://localhost:5173
2026-02-05T10:33:10.070Z | DELETE /cart/698466d82461acc71d08f89f | http://localhost:5173
2026-02-05T10:33:10.346Z | OPTIONS /cart | http://localhost:5173
2026-02-05T10:33:10.352Z | GET /cart | http://localhost:5173
2026-02-05T10:33:13.086Z | GET /products?page=1&search= | http://localhost:5173
2026-02-05T10:33:13.367Z | GET /products?page=1&search= | http://localhost:5173
2026-02-05T10:33:15.333Z | GET /cart | http://localhost:5173
2026-02-05T10:33:15.506Z | GET /cart | http://localhost:5173
2026-02-05T10:33:16.625Z | GET /products?page=1&search= | http://localhost:5173
2026-02-05T10:33:16.868Z | GET /products?page=1&search= | http://localhost:5173
2026-02-05T10:33:18.231Z | OPTIONS /cart | http://localhost:5173
2026-02-05T10:33:18.233Z | POST /cart | http://localhost:5173
2026-02-05T10:33:19.852Z | POST /cart | http://localhost:5173
2026-02-05T10:33:21.032Z | GET /cart | http://localhost:5173
2026-02-05T10:33:21.263Z | GET /cart | http://localhost:5173
2026-02-05T10:33:23.187Z | OPTIONS /cart/698466d82461acc71d08f89f | http://localhost:5173
2026-02-05T10:33:23.190Z | DELETE /cart/698466d82461acc71d08f89f | http://localhost:5173
2026-02-05T10:33:23.466Z | OPTIONS /cart | http://localhost:5173
2026-02-05T10:33:23.470Z | GET /cart | http://localhost:5173
2026-02-05T10:34:18.366Z | POST /auth/logout | http://localhost:5173
2026-02-05T10:34:18.482Z | GET /products?page=1&search= | http://localhost:5173
2026-02-05T10:34:18.562Z | GET /products?page=1&search= | http://localhost:5173
2026-02-05T10:34:24.791Z | OPTIONS /auth/login | http://localhost:5173
2026-02-05T10:34:24.794Z | POST /auth/login | http://localhost:5173
2026-02-05T10:34:25.018Z | GET /products?page=1&search= | http://localhost:5173
2026-02-05T10:34:25.022Z | OPTIONS /cart | http://localhost:5173
2026-02-05T10:34:25.029Z | GET /cart | http://localhost:5173
2026-02-05T10:34:25.103Z | GET /products?page=1&search= | http://localhost:5173
2026-02-05T10:34:27.062Z | GET /products | http://localhost:5173
2026-02-05T10:34:27.153Z | GET /products | http://localhost:5173
2026-02-05T10:35:46.781Z | OPTIONS /products/admin | http://localhost:5173
2026-02-05T10:35:46.788Z | POST /products/admin | http://localhost:5173
2026-02-05T10:35:49.358Z | GET /products | http://localhost:5173
2026-02-05T10:35:49.497Z | GET /products | http://localhost:5173
2026-02-05T10:35:50.789Z | OPTIONS /cart | http://localhost:5173
2026-02-05T10:35:50.791Z | OPTIONS /cart | http://localhost:5173
2026-02-05T10:35:50.793Z | GET /cart | http://localhost:5173
2026-02-05T10:35:50.874Z | GET /cart | http://localhost:5173
2026-02-05T10:35:52.442Z | OPTIONS /cart/698466d82461acc71d08f89f | http://localhost:5173
2026-02-05T10:35:52.446Z | DELETE /cart/698466d82461acc71d08f89f | http://localhost:5173
2026-02-05T10:35:52.528Z | GET /cart | http://localhost:5173
2026-02-05T10:35:53.942Z | POST /auth/logout | http://localhost:5173
2026-02-05T10:35:54.054Z | GET /products?page=1&search= | http://localhost:5173
2026-02-05T10:35:54.126Z | GET /products?page=1&search= | http://localhost:5173
2026-02-05T10:36:01.753Z | OPTIONS /auth/login | http://localhost:5173
2026-02-05T10:36:01.756Z | POST /auth/login | http://localhost:5173
2026-02-05T10:36:07.812Z | OPTIONS /auth/login | http://localhost:5173
2026-02-05T10:36:07.817Z | POST /auth/login | http://localhost:5173
2026-02-05T10:36:24.350Z | OPTIONS /auth/login | http://localhost:5173
2026-02-05T10:36:24.359Z | POST /auth/login | http://localhost:5173
2026-02-05T10:36:24.624Z | GET /products?page=1&search= | http://localhost:5173
2026-02-05T10:36:24.636Z | OPTIONS /cart | http://localhost:5173
2026-02-05T10:36:24.643Z | GET /cart | http://localhost:5173
2026-02-05T10:36:24.711Z | GET /products?page=1&search= | http://localhost:5173
2026-02-05T10:36:26.934Z | OPTIONS /cart | http://localhost:5173
2026-02-05T10:36:26.937Z | POST /cart | http://localhost:5173
2026-02-05T10:36:28.075Z | POST /cart | http://localhost:5173
2026-02-05T10:36:29.542Z | POST /cart | http://localhost:5173
2026-02-05T10:36:31.073Z | GET /cart | http://localhost:5173
2026-02-05T10:36:31.160Z | GET /cart | http://localhost:5173
2026-02-05T10:36:33.021Z | OPTIONS /cart/6984728596dfdffb001f4723 | http://localhost:5173
2026-02-05T10:36:33.025Z | DELETE /cart/6984728596dfdffb001f4723 | http://localhost:5173
2026-02-05T10:36:33.119Z | OPTIONS /cart | http://localhost:5173
2026-02-05T10:36:33.124Z | GET /cart | http://localhost:5173
2026-02-05T10:36:37.910Z | GET /products?page=1&search= | http://localhost:5173
2026-02-05T10:36:37.987Z | GET /products?page=1&search= | http://localhost:5173
2026-02-05T10:37:12.690Z | GET /products?page=1&search=Medicine | http://localhost:5173
2026-02-05T10:37:19.811Z | GET /products?page=1&search=Pi | http://localhost:5173
2026-02-05T10:37:22.914Z | GET /products?page=1&search=e | http://localhost:5173
2026-02-05T10:50:17.581Z | GET /products?page=1&search= | http://localhost:5173
2026-02-05T10:50:17.737Z | GET /products?page=1&search= | http://localhost:5173
2026-02-05T11:15:13.718Z | GET /products?page=1&search= | http://localhost:5173
2026-02-05T11:15:13.922Z | GET /products?page=1&search= | http://localhost:5173
2026-02-05T11:19:41.335Z | GET /products?page=1&search= | http://localhost:5173
2026-02-05T11:19:41.457Z | GET /products?page=1&search= | http://localhost:5173
2026-02-05T11:20:05.750Z | GET /products?page=1&search= | http://localhost:5173
2026-02-05T11:20:05.829Z | GET /products?page=1&search= | http://localhost:5173
2026-02-05T11:20:22.738Z | GET /products?page=1&search= | http://localhost:5173
2026-02-05T11:20:22.828Z | GET /products?page=1&search= | http://localhost:5173
2026-02-05T11:20:27.691Z | GET /products?page=1&search= | http://localhost:5173
2026-02-05T11:20:27.768Z | GET /products?page=1&search= | http://localhost:5173
2026-02-05T11:20:33.677Z | GET /products?page=1&search= | http://localhost:5173
2026-02-05T11:20:33.756Z | GET /products?page=1&search= | http://localhost:5173
2026-02-05T11:24:22.093Z | GET /products?page=1&search= | http://localhost:5173
2026-02-05T11:24:22.261Z | GET /products?page=1&search= | http://localhost:5173
2026-02-05T11:24:46.135Z | GET /products?page=1&search= | http://localhost:5173
2026-02-05T11:24:46.273Z | GET /products?page=1&search= | http://localhost:5173
2026-02-05T11:24:52.550Z | OPTIONS /auth/login | http://localhost:5173
2026-02-05T11:24:52.554Z | POST /auth/login | http://localhost:5173
2026-02-05T11:24:52.902Z | GET /products?page=1&search= | http://localhost:5173
2026-02-05T11:24:52.908Z | OPTIONS /cart | http://localhost:5173
2026-02-05T11:24:52.912Z | OPTIONS /cart | http://localhost:5173
2026-02-05T11:24:52.922Z | GET /cart | http://localhost:5173
2026-02-05T11:24:53.024Z | GET /cart | http://localhost:5173
2026-02-05T11:24:53.062Z | GET /products?page=1&search= | http://localhost:5173
2026-02-05T11:24:57.182Z | OPTIONS /cart | http://localhost:5173
2026-02-05T11:24:57.186Z | POST /cart | http://localhost:5173
2026-02-05T11:24:59.761Z | GET /cart | http://localhost:5173
2026-02-05T11:24:59.915Z | GET /cart | http://localhost:5173
2026-02-05T11:25:02.158Z | GET /products?page=1&search= | http://localhost:5173
2026-02-05T11:25:02.292Z | GET /products?page=1&search= | http://localhost:5173
2026-02-05T11:25:03.634Z | OPTIONS /cart | http://localhost:5173
2026-02-05T11:25:03.638Z | POST /cart | http://localhost:5173
2026-02-05T11:25:05.368Z | GET /cart | http://localhost:5173
2026-02-05T11:25:05.589Z | GET /cart | http://localhost:5173
2026-02-05T11:25:16.926Z | OPTIONS /auth/login | http://localhost:5173
2026-02-05T11:25:16.931Z | POST /auth/login | http://localhost:5173
2026-02-05T11:25:17.255Z | GET /products?page=1&search= | http://localhost:5173
2026-02-05T11:25:17.260Z | OPTIONS /cart | http://localhost:5173
2026-02-05T11:25:17.272Z | OPTIONS /cart | http://localhost:5173
2026-02-05T11:25:17.275Z | GET /cart | http://localhost:5173
2026-02-05T11:25:17.637Z | GET /cart | http://localhost:5173
2026-02-05T11:25:17.645Z | GET /products?page=1&search= | http://localhost:5173
2026-02-05T11:30:16.586Z | OPTIONS /cart | http://localhost:5173
2026-02-05T11:30:16.623Z | GET /cart | http://localhost:5173
2026-02-05T11:30:20.538Z | GET /cart | http://localhost:5173
2026-02-05T11:30:41.556Z | GET /products?page=1&search= | http://localhost:5173
2026-02-05T11:30:41.722Z | GET /products?page=1&search= | http://localhost:5173
2026-02-05T11:30:46.547Z | GET /products?page=1&search= | http://localhost:5173
2026-02-05T11:30:46.761Z | GET /products?page=1&search= | http://localhost:5173
2026-02-05T11:36:13.608Z | GET /products?page=1&search= | http://localhost:5173
2026-02-05T11:36:13.902Z | GET /products?page=1&search= | http://localhost:5173
2026-02-05T11:36:17.931Z | OPTIONS /auth/login | http://localhost:5173
2026-02-05T11:36:17.943Z | POST /auth/login | http://localhost:5173
2026-02-05T11:36:18.348Z | GET /products?page=1&search= | http://localhost:5173
2026-02-05T11:36:18.354Z | OPTIONS /cart | http://localhost:5173
2026-02-05T11:36:18.363Z | GET /cart | http://localhost:5173
2026-02-05T11:36:18.438Z | GET /products?page=1&search= | http://localhost:5173
2026-02-05T11:36:19.923Z | OPTIONS /cart | http://localhost:5173
2026-02-05T11:36:19.928Z | POST /cart | http://localhost:5173
2026-02-05T11:36:20.079Z | GET /cart | http://localhost:5173
2026-02-05T11:36:21.804Z | POST /cart | http://localhost:5173
2026-02-05T11:36:21.967Z | GET /cart | http://localhost:5173
2026-02-05T11:36:23.702Z | GET /cart | http://localhost:5173
2026-02-05T11:36:23.799Z | GET /cart | http://localhost:5173
2026-02-05T11:36:27.601Z | OPTIONS /cart | http://localhost:5173
2026-02-05T11:36:27.606Z | DELETE /cart | http://localhost:5173
2026-02-05T11:36:29.463Z | GET /products?page=1&search= | http://localhost:5173
2026-02-05T11:36:29.561Z | GET /products?page=1&search= | http://localhost:5173
2026-02-05T11:42:11.302Z | OPTIONS /cart | http://localhost:5173
2026-02-05T11:42:11.344Z | OPTIONS /cart | http://localhost:5173
2026-02-05T11:42:11.431Z | GET /cart | http://localhost:5173
2026-02-05T11:42:11.566Z | GET /cart | http://localhost:5173
2026-02-05T11:42:24.838Z | OPTIONS /auth/login | http://localhost:5173
2026-02-05T11:42:24.846Z | POST /auth/login | http://localhost:5173
2026-02-05T11:42:25.269Z | GET /products?page=1&search= | http://localhost:5173
2026-02-05T11:42:25.277Z | OPTIONS /cart | http://localhost:5173
2026-02-05T11:42:25.286Z | GET /cart | http://localhost:5173
2026-02-05T11:42:25.372Z | GET /products?page=1&search= | http://localhost:5173
2026-02-05T11:42:28.881Z | OPTIONS /cart | http://localhost:5173
2026-02-05T11:42:28.885Z | POST /cart | http://localhost:5173
2026-02-05T11:42:29.061Z | GET /cart | http://localhost:5173
2026-02-05T11:42:30.360Z | GET /cart | http://localhost:5173
2026-02-05T11:42:30.456Z | GET /cart | http://localhost:5173
2026-02-05T11:42:46.548Z | OPTIONS /cart | http://localhost:5173
2026-02-05T11:42:46.558Z | GET /cart | http://localhost:5173
2026-02-05T11:42:55.766Z | OPTIONS /auth/login | http://localhost:5173
2026-02-05T11:42:55.774Z | POST /auth/login | http://localhost:5173
2026-02-05T11:42:56.101Z | GET /products?page=1&search= | http://localhost:5173
2026-02-05T11:42:56.109Z | OPTIONS /cart | http://localhost:5173
2026-02-05T11:42:56.120Z | GET /cart | http://localhost:5173
2026-02-05T11:42:56.199Z | GET /products?page=1&search= | http://localhost:5173
2026-02-05T11:42:57.176Z | GET /cart | http://localhost:5173
2026-02-05T11:42:57.277Z | GET /cart | http://localhost:5173
2026-02-05T11:42:58.673Z | OPTIONS /orders | http://localhost:5173
2026-02-05T11:42:58.678Z | POST /orders | http://localhost:5173
2026-02-05T11:42:58.956Z | GET /products?page=1&search= | http://localhost:5173
2026-02-05T11:42:59.050Z | GET /products?page=1&search= | http://localhost:5173
2026-02-05T11:43:02.793Z | OPTIONS /cart | http://localhost:5173
2026-02-05T11:43:02.816Z | OPTIONS /cart | http://localhost:5173
2026-02-05T11:43:02.822Z | GET /cart | http://localhost:5173
2026-02-05T11:43:02.879Z | GET /cart | http://localhost:5173
2026-02-05T11:43:11.253Z | GET /products?page=1&search= | http://localhost:5173
2026-02-05T11:43:11.355Z | GET /products?page=1&search= | http://localhost:5173
2026-02-05T11:43:12.264Z | GET /products?page=1&search= | http://localhost:5173
2026-02-05T11:43:12.410Z | GET /products?page=1&search= | http://localhost:5173
2026-02-05T11:43:15.078Z | OPTIONS /auth/login | http://localhost:5173
2026-02-05T11:43:15.083Z | POST /auth/login | http://localhost:5173
2026-02-05T11:43:15.417Z | GET /products?page=1&search= | http://localhost:5173
2026-02-05T11:43:15.423Z | OPTIONS /cart | http://localhost:5173
2026-02-05T11:43:15.435Z | GET /cart | http://localhost:5173
2026-02-05T11:43:15.513Z | GET /products?page=1&search= | http://localhost:5173
2026-02-05T11:43:17.812Z | OPTIONS /cart | http://localhost:5173
2026-02-05T11:43:17.817Z | POST /cart | http://localhost:5173
2026-02-05T11:43:17.979Z | GET /cart | http://localhost:5173
2026-02-05T11:43:20.257Z | GET /cart | http://localhost:5173
2026-02-05T11:43:20.354Z | GET /cart | http://localhost:5173
2026-02-05T11:43:21.484Z | OPTIONS /orders | http://localhost:5173
2026-02-05T11:43:21.490Z | POST /orders | http://localhost:5173
2026-02-05T11:43:21.750Z | GET /products?page=1&search= | http://localhost:5173
2026-02-05T11:43:21.877Z | GET /products?page=1&search= | http://localhost:5173
2026-02-05T11:45:17.227Z | OPTIONS /cart | http://localhost:5173
2026-02-05T11:45:17.239Z | OPTIONS /cart | http://localhost:5173
2026-02-05T11:45:17.244Z | GET /cart | http://localhost:5173
2026-02-05T11:45:17.331Z | GET /cart | http://localhost:5173
2026-02-05T11:45:21.400Z | OPTIONS /auth/login | http://localhost:5173
2026-02-05T11:45:21.405Z | POST /auth/login | http://localhost:5173
2026-02-05T11:45:22.045Z | GET /products?page=1&search= | http://localhost:5173
2026-02-05T11:45:22.059Z | GET /cart | http://localhost:5173
2026-02-05T11:45:22.156Z | GET /products?page=1&search= | http://localhost:5173
2026-02-05T11:45:23.473Z | OPTIONS /cart | http://localhost:5173
2026-02-05T11:45:23.478Z | POST /cart | http://localhost:5173
2026-02-05T11:45:23.608Z | GET /cart | http://localhost:5173
2026-02-05T11:45:24.821Z | GET /cart | http://localhost:5173
2026-02-05T11:45:24.913Z | GET /cart | http://localhost:5173
2026-02-05T11:45:26.130Z | OPTIONS /orders | http://localhost:5173
2026-02-05T11:45:26.138Z | POST /orders | http://localhost:5173
2026-02-05T11:45:26.400Z | DELETE /cart | http://localhost:5173
2026-02-05T11:45:26.414Z | GET /products?page=1&search= | http://localhost:5173
2026-02-05T11:45:26.454Z | GET /cart | http://localhost:5173
2026-02-05T11:45:26.505Z | GET /products?page=1&search= | http://localhost:5173
2026-02-05T11:49:32.116Z | GET /products?page=1&search= | http://localhost:5173
2026-02-05T11:49:32.378Z | GET /products?page=1&search= | http://localhost:5173
2026-02-05T11:49:34.960Z | OPTIONS /auth/login | http://localhost:5173
2026-02-05T11:49:34.966Z | POST /auth/login | http://localhost:5173
2026-02-05T11:49:35.360Z | GET /products?page=1&search= | http://localhost:5173
2026-02-05T11:49:35.368Z | OPTIONS /cart | http://localhost:5173
2026-02-05T11:49:35.383Z | GET /cart | http://localhost:5173
2026-02-05T11:49:35.442Z | GET /products?page=1&search= | http://localhost:5173
2026-02-05T11:49:36.656Z | OPTIONS /cart | http://localhost:5173
2026-02-05T11:49:36.663Z | POST /cart | http://localhost:5173
2026-02-05T11:49:36.817Z | GET /cart | http://localhost:5173
2026-02-05T11:49:37.844Z | POST /cart | http://localhost:5173
2026-02-05T11:49:37.999Z | GET /cart | http://localhost:5173
2026-02-05T11:49:39.116Z | GET /cart | http://localhost:5173
2026-02-05T11:49:39.217Z | GET /cart | http://localhost:5173
2026-02-05T11:49:40.827Z | PUT /cart | http://localhost:5173
2026-02-05T11:49:40.950Z | GET /cart | http://localhost:5173
2026-02-05T11:49:42.079Z | OPTIONS /cart | http://localhost:5173
2026-02-05T11:49:42.085Z | PUT /cart | http://localhost:5173
2026-02-05T11:49:42.198Z | GET /cart | http://localhost:5173
2026-02-05T11:49:43.097Z | PUT /cart | http://localhost:5173
2026-02-05T11:49:43.204Z | GET /cart | http://localhost:5173
2026-02-05T11:49:44.088Z | PUT /cart | http://localhost:5173
2026-02-05T11:49:44.207Z | GET /cart | http://localhost:5173
2026-02-05T11:49:45.232Z | PUT /cart | http://localhost:5173
2026-02-05T11:49:45.339Z | GET /cart | http://localhost:5173
2026-02-05T11:49:46.820Z | PUT /cart | http://localhost:5173
2026-02-05T11:49:46.950Z | GET /cart | http://localhost:5173
2026-02-05T11:49:47.626Z | OPTIONS /cart | http://localhost:5173
2026-02-05T11:49:47.632Z | PUT /cart | http://localhost:5173
2026-02-05T11:49:47.765Z | GET /cart | http://localhost:5173
2026-02-05T11:49:48.149Z | PUT /cart | http://localhost:5173
2026-02-05T11:49:48.267Z | GET /cart | http://localhost:5173
2026-02-05T11:49:48.524Z | PUT /cart | http://localhost:5173
2026-02-05T11:49:48.633Z | GET /cart | http://localhost:5173
2026-02-05T11:49:48.975Z | PUT /cart | http://localhost:5173
2026-02-05T11:49:49.097Z | GET /cart | http://localhost:5173
2026-02-05T11:50:32.600Z | OPTIONS /orders | http://localhost:5173
2026-02-05T11:50:32.606Z | POST /orders | http://localhost:5173
2026-02-05T11:50:32.867Z | OPTIONS /cart | http://localhost:5173
2026-02-05T11:50:32.871Z | GET /products?page=1&search= | http://localhost:5173
2026-02-05T11:50:32.879Z | DELETE /cart | http://localhost:5173
2026-02-05T11:50:32.930Z | GET /cart | http://localhost:5173
2026-02-05T11:50:32.968Z | GET /products?page=1&search= | http://localhost:5173
2026-02-05T11:50:34.465Z | GET /cart | http://localhost:5173
2026-02-05T11:50:34.518Z | GET /cart | http://localhost:5173
2026-02-05T11:50:36.312Z | GET /products?page=1&search= | http://localhost:5173
2026-02-05T11:50:36.423Z | GET /products?page=1&search= | http://localhost:5173
2026-02-05T12:00:11.182Z | GET /products?page=1&search= | http://localhost:5173
2026-02-05T12:00:11.493Z | GET /products?page=1&search= | http://localhost:5173
2026-02-05T12:00:16.374Z | OPTIONS /auth/login | http://localhost:5173
2026-02-05T12:00:16.383Z | POST /auth/login | http://localhost:5173
2026-02-05T12:00:16.822Z | GET /products?page=1&search= | http://localhost:5173
2026-02-05T12:00:16.833Z | OPTIONS /cart | http://localhost:5173
2026-02-05T12:00:16.844Z | GET /cart | http://localhost:5173
2026-02-05T12:00:16.913Z | GET /products?page=1&search= | http://localhost:5173
2026-02-05T12:00:18.196Z | GET /products?page=1&search= | http://localhost:5173
2026-02-05T12:00:18.313Z | GET /products?page=1&search= | http://localhost:5173
2026-02-05T12:00:20.231Z | GET /products?page=1&search= | http://localhost:5173
2026-02-05T12:00:20.320Z | GET /products?page=1&search= | http://localhost:5173
2026-02-05T12:00:26.382Z | OPTIONS /auth/login | http://localhost:5173
2026-02-05T12:00:26.388Z | POST /auth/login | http://localhost:5173
2026-02-05T12:00:26.703Z | GET /products?page=1&search= | http://localhost:5173
2026-02-05T12:00:26.716Z | OPTIONS /cart | http://localhost:5173
2026-02-05T12:00:26.732Z | GET /cart | http://localhost:5173
2026-02-05T12:00:26.786Z | GET /products?page=1&search= | http://localhost:5173
2026-02-05T12:00:29.817Z | GET /products?page=1&search= | http://localhost:5173
2026-02-05T12:00:29.913Z | GET /products?page=1&search= | http://localhost:5173
2026-02-05T12:01:51.014Z | GET /products?page=1&search= | http://localhost:5173
2026-02-05T12:01:51.295Z | GET /products?page=1&search= | http://localhost:5173
2026-02-05T12:01:54.615Z | OPTIONS /auth/login | http://localhost:5173
2026-02-05T12:01:54.623Z | POST /auth/login | http://localhost:5173
2026-02-05T12:01:55.033Z | GET /products?page=1&search= | http://localhost:5173
2026-02-05T12:01:55.045Z | OPTIONS /cart | http://localhost:5173
2026-02-05T12:01:55.056Z | GET /cart | http://localhost:5173
2026-02-05T12:01:55.172Z | GET /products?page=1&search= | http://localhost:5173
2026-02-05T12:01:56.053Z | GET /products?page=1&search= | http://localhost:5173
2026-02-05T12:01:56.211Z | GET /products?page=1&search= | http://localhost:5173
2026-02-05T12:03:34.104Z | GET /products?page=1&search= | http://localhost:5173
2026-02-05T12:03:34.297Z | GET /products?page=1&search= | http://localhost:5173
2026-02-05T12:11:47.180Z | GET /products?page=1&search= | http://localhost:5173
2026-02-05T12:11:47.377Z | GET /products?page=1&search= | http://localhost:5173
2026-02-05T12:11:50.312Z | OPTIONS /auth/login | http://localhost:5173
2026-02-05T12:11:50.322Z | POST /auth/login | http://localhost:5173
2026-02-05T12:11:50.796Z | GET /products?page=1&search= | http://localhost:5173
2026-02-05T12:11:50.811Z | OPTIONS /cart | http://localhost:5173
2026-02-05T12:11:50.821Z | GET /cart | http://localhost:5173
2026-02-05T12:11:50.895Z | GET /products?page=1&search= | http://localhost:5173
2026-02-05T12:11:52.165Z | GET /products?page=1&search= | http://localhost:5173
2026-02-05T12:11:52.257Z | GET /products?page=1&search= | http://localhost:5173
2026-02-05T12:12:39.365Z | GET /products?page=1&search= | http://localhost:5173
2026-02-05T12:12:39.488Z | GET /products?page=1&search= | http://localhost:5173
2026-02-05T12:12:42.619Z | OPTIONS /auth/login | http://localhost:5173
2026-02-05T12:12:42.625Z | POST /auth/login | http://localhost:5173
2026-02-05T12:12:42.969Z | GET /products?page=1&search= | http://localhost:5173
2026-02-05T12:12:42.975Z | OPTIONS /cart | http://localhost:5173
2026-02-05T12:12:42.984Z | GET /cart | http://localhost:5173
2026-02-05T12:12:43.063Z | GET /products?page=1&search= | http://localhost:5173
2026-02-05T12:12:45.019Z | OPTIONS /cart | http://localhost:5173
2026-02-05T12:12:45.025Z | POST /cart | http://localhost:5173
2026-02-05T12:12:45.228Z | GET /cart | http://localhost:5173
2026-02-05T12:12:46.329Z | GET /products?page=1&search= | http://localhost:5173
2026-02-05T12:12:46.491Z | GET /products?page=1&search= | http://localhost:5173
2026-02-05T12:16:44.289Z | GET /products?page=1&search= | http://localhost:5173
2026-02-05T12:16:44.570Z | GET /products?page=1&search= | http://localhost:5173
2026-02-05T12:16:49.470Z | OPTIONS /auth/login | http://localhost:5173
2026-02-05T12:16:49.478Z | POST /auth/login | http://localhost:5173
2026-02-05T12:16:49.860Z | GET /products?page=1&search= | http://localhost:5173
2026-02-05T12:16:49.873Z | OPTIONS /cart | http://localhost:5173
2026-02-05T12:16:49.887Z | GET /cart | http://localhost:5173
2026-02-05T12:16:49.961Z | GET /products?page=1&search= | http://localhost:5173
2026-02-05T12:16:51.253Z | GET /products?page=1&search= | http://localhost:5173
2026-02-05T12:16:51.370Z | GET /products?page=1&search= | http://localhost:5173
2026-02-05T12:18:05.124Z | GET /products?page=1&search= | http://localhost:5173
2026-02-05T12:18:05.326Z | GET /products?page=1&search= | http://localhost:5173
2026-02-05T12:18:09.085Z | OPTIONS /auth/login | http://localhost:5173
2026-02-05T12:18:09.091Z | POST /auth/login | http://localhost:5173
2026-02-05T12:18:09.519Z | GET /products?page=1&search= | http://localhost:5173
2026-02-05T12:18:09.526Z | OPTIONS /cart | http://localhost:5173
2026-02-05T12:18:09.538Z | GET /cart | http://localhost:5173
2026-02-05T12:18:09.623Z | GET /products?page=1&search= | http://localhost:5173
2026-02-05T12:18:10.743Z | OPTIONS /cart | http://localhost:5173
2026-02-05T12:18:10.752Z | POST /cart | http://localhost:5173
2026-02-05T12:18:10.890Z | GET /cart | http://localhost:5173
2026-02-05T12:18:12.108Z | GET /products?page=1&search= | http://localhost:5173
2026-02-05T12:18:12.199Z | GET /products?page=1&search= | http://localhost:5173
2026-02-05T12:22:02.687Z | GET /products?page=1&search= | http://localhost:5173
2026-02-05T12:22:02.952Z | GET /products?page=1&search= | http://localhost:5173
2026-02-05T12:22:05.459Z | OPTIONS /auth/login | http://localhost:5173
2026-02-05T12:22:05.467Z | POST /auth/login | http://localhost:5173
2026-02-05T12:22:05.967Z | GET /products?page=1&search= | http://localhost:5173
2026-02-05T12:22:05.983Z | OPTIONS /cart | http://localhost:5173
2026-02-05T12:22:06.004Z | GET /cart | http://localhost:5173
2026-02-05T12:22:06.090Z | GET /products?page=1&search= | http://localhost:5173
2026-02-05T12:22:07.495Z | GET /products?page=1&search= | http://localhost:5173
2026-02-05T12:22:07.647Z | GET /products?page=1&search= | http://localhost:5173
2026-02-10T09:31:24.715Z | GET /products?page=1&search= | http://localhost:5173
2026-02-10T09:31:24.833Z | GET /products?page=1&search= | http://localhost:5173
2026-02-10T09:31:33.079Z | OPTIONS /auth/login | http://localhost:5173
2026-02-10T09:31:33.084Z | POST /auth/login | http://localhost:5173
2026-02-10T09:31:33.330Z | GET /products?page=1&search= | http://localhost:5173
2026-02-10T09:31:33.337Z | OPTIONS /cart | http://localhost:5173
2026-02-10T09:31:33.347Z | GET /cart | http://localhost:5173
2026-02-10T09:31:33.418Z | GET /products?page=1&search= | http://localhost:5173
2026-02-10T09:31:36.972Z | OPTIONS /cart | http://localhost:5173
2026-02-10T09:31:36.976Z | POST /cart | http://localhost:5173
2026-02-10T09:31:37.092Z | GET /cart | http://localhost:5173
2026-02-10T09:31:37.788Z | POST /cart | http://localhost:5173
2026-02-10T09:31:37.909Z | GET /cart | http://localhost:5173
2026-02-10T09:31:38.460Z | POST /cart | http://localhost:5173
2026-02-10T09:31:38.574Z | GET /cart | http://localhost:5173
2026-02-10T09:31:40.068Z | GET /cart | http://localhost:5173
2026-02-10T09:31:40.147Z | GET /cart | http://localhost:5173
2026-02-10T09:31:47.210Z | OPTIONS /cart | http://localhost:5173
2026-02-10T09:31:47.215Z | PUT /cart | http://localhost:5173
2026-02-10T09:31:47.303Z | GET /cart | http://localhost:5173
2026-02-10T09:31:47.630Z | PUT /cart | http://localhost:5173
2026-02-10T09:31:47.714Z | GET /cart | http://localhost:5173
2026-02-10T09:31:48.584Z | PUT /cart | http://localhost:5173
2026-02-10T09:31:48.678Z | GET /cart | http://localhost:5173
2026-02-10T09:31:49.674Z | PUT /cart | http://localhost:5173
2026-02-10T09:31:49.754Z | GET /cart | http://localhost:5173
2026-02-10T09:31:51.411Z | PUT /cart | http://localhost:5173
2026-02-10T09:31:51.491Z | GET /cart | http://localhost:5173
2026-02-10T09:31:52.193Z | PUT /cart | http://localhost:5173
2026-02-10T09:31:52.289Z | OPTIONS /cart | http://localhost:5173
2026-02-10T09:31:52.294Z | GET /cart | http://localhost:5173
2026-02-10T09:31:53.003Z | OPTIONS /cart | http://localhost:5173
2026-02-10T09:31:53.007Z | PUT /cart | http://localhost:5173
2026-02-10T09:31:53.082Z | GET /cart | http://localhost:5173
2026-02-10T09:31:53.643Z | PUT /cart | http://localhost:5173
2026-02-10T09:31:53.728Z | GET /cart | http://localhost:5173
2026-02-10T09:31:55.122Z | PUT /cart | http://localhost:5173
2026-02-10T09:31:55.200Z | GET /cart | http://localhost:5173
2026-02-10T09:31:56.655Z | PUT /cart | http://localhost:5173
2026-02-10T09:31:56.748Z | GET /cart | http://localhost:5173
2026-02-10T09:31:57.458Z | PUT /cart | http://localhost:5173
2026-02-10T09:31:57.537Z | GET /cart | http://localhost:5173
2026-02-10T09:31:57.878Z | PUT /cart | http://localhost:5173
2026-02-10T09:31:57.954Z | GET /cart | http://localhost:5173
2026-02-10T09:31:58.568Z | OPTIONS /cart | http://localhost:5173
2026-02-10T09:31:58.574Z | PUT /cart | http://localhost:5173
2026-02-10T09:31:58.654Z | GET /cart | http://localhost:5173
2026-02-10T09:31:59.416Z | PUT /cart | http://localhost:5173
2026-02-10T09:31:59.494Z | GET /cart | http://localhost:5173
2026-02-10T09:32:00.552Z | PUT /cart | http://localhost:5173
2026-02-10T09:32:00.627Z | GET /cart | http://localhost:5173
2026-02-10T09:32:00.983Z | PUT /cart | http://localhost:5173
2026-02-10T09:32:01.058Z | GET /cart | http://localhost:5173
2026-02-10T09:32:01.443Z | PUT /cart | http://localhost:5173
2026-02-10T09:32:01.526Z | GET /cart | http://localhost:5173
2026-02-10T09:32:02.021Z | PUT /cart | http://localhost:5173
2026-02-10T09:32:02.098Z | GET /cart | http://localhost:5173
2026-02-10T09:32:02.496Z | PUT /cart | http://localhost:5173
2026-02-10T09:32:02.572Z | GET /cart | http://localhost:5173
2026-02-10T09:32:02.980Z | PUT /cart | http://localhost:5173
2026-02-10T09:32:03.056Z | GET /cart | http://localhost:5173
2026-02-10T09:32:03.601Z | OPTIONS /cart | http://localhost:5173
2026-02-10T09:32:03.606Z | PUT /cart | http://localhost:5173
2026-02-10T09:32:03.691Z | GET /cart | http://localhost:5173
2026-02-10T09:32:04.236Z | PUT /cart | http://localhost:5173
2026-02-10T09:32:04.318Z | GET /cart | http://localhost:5173
2026-02-10T09:32:06.811Z | GET /products?page=1&search= | http://localhost:5173
2026-02-10T09:32:06.879Z | GET /products?page=1&search= | http://localhost:5173
2026-02-10T09:32:08.316Z | POST /cart | http://localhost:5173
2026-02-10T09:32:08.432Z | GET /cart | http://localhost:5173
2026-02-10T09:32:13.866Z | OPTIONS /cart | http://localhost:5173
2026-02-10T09:32:13.870Z | OPTIONS /cart | http://localhost:5173
2026-02-10T09:32:13.877Z | GET /cart | http://localhost:5173
2026-02-10T09:32:13.948Z | GET /cart | http://localhost:5173
2026-02-10T09:32:16.598Z | OPTIONS /cart | http://localhost:5173
2026-02-10T09:32:16.601Z | PUT /cart | http://localhost:5173
2026-02-10T09:32:16.721Z | GET /cart | http://localhost:5173
2026-02-10T09:32:17.361Z | PUT /cart | http://localhost:5173
2026-02-10T09:32:17.439Z | GET /cart | http://localhost:5173
2026-02-10T09:32:17.839Z | PUT /cart | http://localhost:5173
2026-02-10T09:32:17.920Z | GET /cart | http://localhost:5173
2026-02-10T09:32:18.223Z | PUT /cart | http://localhost:5173
2026-02-10T09:32:18.305Z | GET /cart | http://localhost:5173
2026-02-10T09:32:18.642Z | PUT /cart | http://localhost:5173
2026-02-10T09:32:18.729Z | GET /cart | http://localhost:5173
2026-02-10T09:32:19.054Z | PUT /cart | http://localhost:5173
2026-02-10T09:32:19.127Z | GET /cart | http://localhost:5173
2026-02-10T09:32:29.022Z | OPTIONS /cart/698466d82461acc71d08f89f | http://localhost:5173
2026-02-10T09:32:29.025Z | DELETE /cart/698466d82461acc71d08f89f | http://localhost:5173
2026-02-10T09:32:29.108Z | OPTIONS /cart | http://localhost:5173
2026-02-10T09:32:29.113Z | GET /cart | http://localhost:5173
2026-02-10T09:32:31.297Z | OPTIONS /cart | http://localhost:5173
2026-02-10T09:32:31.301Z | PUT /cart | http://localhost:5173
2026-02-10T09:32:31.396Z | GET /cart | http://localhost:5173
2026-02-10T09:32:33.101Z | OPTIONS /orders | http://localhost:5173
2026-02-10T09:32:33.106Z | POST /orders | http://localhost:5173
2026-02-10T09:32:33.325Z | DELETE /cart | http://localhost:5173
2026-02-10T09:32:33.334Z | GET /products?page=1&search= | http://localhost:5173
2026-02-10T09:32:33.369Z | GET /cart | http://localhost:5173
2026-02-10T09:32:33.414Z | GET /products?page=1&search= | http://localhost:5173
2026-02-10T09:35:04.231Z | GET /products?page=1&search= | http://localhost:5173
2026-02-10T09:35:04.427Z | GET /products?page=1&search= | http://localhost:5173
